# JRE version: OpenJDK Runtime Environment AdoptOpenJDK-11.0.11+9 (11.0.11+9) (build 11.0.11+9)
# Java VM: OpenJDK 64-Bit Server VM AdoptOpenJDK-11.0.11+9 (11.0.11+9, mixed mode, tiered, compressed oops, parallel gc, windows-amd64)
Heap:
 PSYoungGen      total 30208K, used 26753K [0x00000000eab00000, 0x00000000ed900000, 0x0000000100000000)
  eden space 23040K, 86% used [0x00000000eab00000,0x00000000ebe80760,0x00000000ec180000)
  from space 7168K, 94% used [0x00000000ec700000,0x00000000ecda0000,0x00000000ece00000)
  to   space 7680K, 0% used [0x00000000ed180000,0x00000000ed180000,0x00000000ed900000)
 ParOldGen       total 156160K, used 82371K [0x00000000c0000000, 0x00000000c9880000, 0x00000000eab00000)
  object space 156160K, 52% used [0x00000000c0000000,0x00000000c5070d60,0x00000000c9880000)
 Metaspace       used 54747K, capacity 57519K, committed 57688K, reserved 1099776K
  class space    used 5482K, capacity 6502K, committed 6528K, reserved 1048576K
GC Heap History (20 events):
Event: 25.960 GC heap before
{Heap before GC invocations=21 (full 2):
 PSYoungGen      total 22528K, used 17900K [0x00000000eab00000, 0x00000000ec680000, 0x0000000100000000)
  eden space 16896K, 75% used [0x00000000eab00000,0x00000000eb7827d8,0x00000000ebb80000)
  from space 5632K, 90% used [0x00000000ec100000,0x00000000ec5f8838,0x00000000ec680000)
  to   space 5632K, 0% used [0x00000000ebb80000,0x00000000ebb80000,0x00000000ec100000)
 ParOldGen       total 68608K, used 66107K [0x00000000c0000000, 0x00000000c4300000, 0x00000000eab00000)
  object space 68608K, 96% used [0x00000000c0000000,0x00000000c408ec38,0x00000000c4300000)
 Metaspace       used 52655K, capacity 55400K, committed 55512K, reserved 1097728K
  class space    used 5322K, capacity 6318K, committed 6400K, reserved 1048576K
}
Event: 25.986 GC heap after
{Heap after GC invocations=21 (full 2):
 PSYoungGen      total 17408K, used 128K [0x00000000eab00000, 0x00000000ec180000, 0x0000000100000000)
  eden space 16896K, 0% used [0x00000000eab00000,0x00000000eab00000,0x00000000ebb80000)
  from space 512K, 25% used [0x00000000ebb80000,0x00000000ebba0000,0x00000000ebc00000)
  to   space 2048K, 0% used [0x00000000ebf80000,0x00000000ebf80000,0x00000000ec180000)
 ParOldGen       total 70144K, used 69255K [0x00000000c0000000, 0x00000000c4480000, 0x00000000eab00000)
  object space 70144K, 98% used [0x00000000c0000000,0x00000000c43a1e40,0x00000000c4480000)
 Metaspace       used 52655K, capacity 55400K, committed 55512K, reserved 1097728K
  class space    used 5322K, capacity 6318K, committed 6400K, reserved 1048576K
}
Event: 25.987 GC heap before
{Heap before GC invocations=22 (full 3):
 PSYoungGen      total 17408K, used 128K [0x00000000eab00000, 0x00000000ec180000, 0x0000000100000000)
  eden space 16896K, 0% used [0x00000000eab00000,0x00000000eab00000,0x00000000ebb80000)
  from space 512K, 25% used [0x00000000ebb80000,0x00000000ebba0000,0x00000000ebc00000)
  to   space 2048K, 0% used [0x00000000ebf80000,0x00000000ebf80000,0x00000000ec180000)
 ParOldGen       total 70144K, used 69255K [0x00000000c0000000, 0x00000000c4480000, 0x00000000eab00000)
  object space 70144K, 98% used [0x00000000c0000000,0x00000000c43a1e40,0x00000000c4480000)
 Metaspace       used 52655K, capacity 55400K, committed 55512K, reserved 1097728K
  class space    used 5322K, capacity 6318K, committed 6400K, reserved 1048576K
}
Event: 26.540 GC heap after
{Heap after GC invocations=22 (full 3):
 PSYoungGen      total 17408K, used 0K [0x00000000eab00000, 0x00000000ec000000, 0x0000000100000000)
  eden space 16896K, 0% used [0x00000000eab00000,0x00000000eab00000,0x00000000ebb80000)
  from space 512K, 0% used [0x00000000ebf80000,0x00000000ebf80000,0x00000000ec000000)
  to   space 2048K, 0% used [0x00000000ebc00000,0x00000000ebc00000,0x00000000ebe00000)
 ParOldGen       total 76800K, used 47994K [0x00000000c0000000, 0x00000000c4b00000, 0x00000000eab00000)
  object space 76800K, 62% used [0x00000000c0000000,0x00000000c2edeab8,0x00000000c4b00000)
 Metaspace       used 52655K, capacity 55400K, committed 55512K, reserved 1097728K
  class space    used 5322K, capacity 6318K, committed 6400K, reserved 1048576K
}
Event: 26.608 GC heap before
{Heap before GC invocations=23 (full 3):
 PSYoungGen      total 17408K, used 16896K [0x00000000eab00000, 0x00000000ec000000, 0x0000000100000000)
  eden space 16896K, 100% used [0x00000000eab00000,0x00000000ebb80000,0x00000000ebb80000)
  from space 512K, 0% used [0x00000000ebf80000,0x00000000ebf80000,0x00000000ec000000)
  to   space 2048K, 0% used [0x00000000ebc00000,0x00000000ebc00000,0x00000000ebe00000)
 ParOldGen       total 76800K, used 47994K [0x00000000c0000000, 0x00000000c4b00000, 0x00000000eab00000)
  object space 76800K, 62% used [0x00000000c0000000,0x00000000c2edeab8,0x00000000c4b00000)
 Metaspace       used 53001K, capacity 55742K, committed 56024K, reserved 1099776K
  class space    used 5362K, capacity 6359K, committed 6400K, reserved 1048576K
}
Event: 26.615 GC heap after
{Heap after GC invocations=23 (full 3):
 PSYoungGen      total 18944K, used 2048K [0x00000000eab00000, 0x00000000ec000000, 0x0000000100000000)
  eden space 16896K, 0% used [0x00000000eab00000,0x00000000eab00000,0x00000000ebb80000)
  from space 2048K, 100% used [0x00000000ebc00000,0x00000000ebe00000,0x00000000ebe00000)
  to   space 512K, 0% used [0x00000000ebf80000,0x00000000ebf80000,0x00000000ec000000)
 ParOldGen       total 76800K, used 60052K [0x00000000c0000000, 0x00000000c4b00000, 0x00000000eab00000)
  object space 76800K, 78% used [0x00000000c0000000,0x00000000c3aa5058,0x00000000c4b00000)
 Metaspace       used 53001K, capacity 55742K, committed 56024K, reserved 1099776K
  class space    used 5362K, capacity 6359K, committed 6400K, reserved 1048576K
}
Event: 26.772 GC heap before
{Heap before GC invocations=24 (full 3):
 PSYoungGen      total 18944K, used 18944K [0x00000000eab00000, 0x00000000ec000000, 0x0000000100000000)
  eden space 16896K, 100% used [0x00000000eab00000,0x00000000ebb80000,0x00000000ebb80000)
  from space 2048K, 100% used [0x00000000ebc00000,0x00000000ebe00000,0x00000000ebe00000)
  to   space 512K, 0% used [0x00000000ebf80000,0x00000000ebf80000,0x00000000ec000000)
 ParOldGen       total 76800K, used 60052K [0x00000000c0000000, 0x00000000c4b00000, 0x00000000eab00000)
  object space 76800K, 78% used [0x00000000c0000000,0x00000000c3aa5058,0x00000000c4b00000)
 Metaspace       used 53847K, capacity 56554K, committed 56664K, reserved 1099776K
  class space    used 5447K, capacity 6459K, committed 6528K, reserved 1048576K
}
Event: 26.787 GC heap after
{Heap after GC invocations=24 (full 3):
 PSYoungGen      total 17408K, used 512K [0x00000000eab00000, 0x00000000ec000000, 0x0000000100000000)
  eden space 16896K, 0% used [0x00000000eab00000,0x00000000eab00000,0x00000000ebb80000)
  from space 512K, 100% used [0x00000000ebf80000,0x00000000ec000000,0x00000000ec000000)
  to   space 2048K, 0% used [0x00000000ebc00000,0x00000000ebc00000,0x00000000ebe00000)
 ParOldGen       total 76800K, used 71840K [0x00000000c0000000, 0x00000000c4b00000, 0x00000000eab00000)
  object space 76800K, 93% used [0x00000000c0000000,0x00000000c4628088,0x00000000c4b00000)
 Metaspace       used 53847K, capacity 56554K, committed 56664K, reserved 1099776K
  class space    used 5447K, capacity 6459K, committed 6528K, reserved 1048576K
}
Event: 26.787 GC heap before
{Heap before GC invocations=25 (full 4):
 PSYoungGen      total 17408K, used 512K [0x00000000eab00000, 0x00000000ec000000, 0x0000000100000000)
  eden space 16896K, 0% used [0x00000000eab00000,0x00000000eab00000,0x00000000ebb80000)
  from space 512K, 100% used [0x00000000ebf80000,0x00000000ec000000,0x00000000ec000000)
  to   space 2048K, 0% used [0x00000000ebc00000,0x00000000ebc00000,0x00000000ebe00000)
 ParOldGen       total 76800K, used 71840K [0x00000000c0000000, 0x00000000c4b00000, 0x00000000eab00000)
  object space 76800K, 93% used [0x00000000c0000000,0x00000000c4628088,0x00000000c4b00000)
 Metaspace       used 53847K, capacity 56554K, committed 56664K, reserved 1099776K
  class space    used 5447K, capacity 6459K, committed 6528K, reserved 1048576K
}
Event: 26.898 GC heap after
{Heap after GC invocations=25 (full 4):
 PSYoungGen      total 19456K, used 0K [0x00000000eab00000, 0x00000000ed700000, 0x0000000100000000)
  eden space 17408K, 0% used [0x00000000eab00000,0x00000000eab00000,0x00000000ebc00000)
  from space 2048K, 0% used [0x00000000ebc00000,0x00000000ebc00000,0x00000000ebe00000)
  to   space 13312K, 0% used [0x00000000eca00000,0x00000000eca00000,0x00000000ed700000)
 ParOldGen       total 76800K, used 59926K [0x00000000c0000000, 0x00000000c4b00000, 0x00000000eab00000)
  object space 76800K, 78% used [0x00000000c0000000,0x00000000c3a85bb0,0x00000000c4b00000)
 Metaspace       used 53847K, capacity 56554K, committed 56664K, reserved 1099776K
  class space    used 5447K, capacity 6459K, committed 6528K, reserved 1048576K
}
Event: 27.109 GC heap before
{Heap before GC invocations=26 (full 4):
 PSYoungGen      total 19456K, used 17408K [0x00000000eab00000, 0x00000000ed700000, 0x0000000100000000)
  eden space 17408K, 100% used [0x00000000eab00000,0x00000000ebc00000,0x00000000ebc00000)
  from space 2048K, 0% used [0x00000000ebc00000,0x00000000ebc00000,0x00000000ebe00000)
  to   space 13312K, 0% used [0x00000000eca00000,0x00000000eca00000,0x00000000ed700000)
 ParOldGen       total 76800K, used 59926K [0x00000000c0000000, 0x00000000c4b00000, 0x00000000eab00000)
  object space 76800K, 78% used [0x00000000c0000000,0x00000000c3a85bb0,0x00000000c4b00000)
 Metaspace       used 53974K, capacity 56755K, committed 56920K, reserved 1099776K
  class space    used 5451K, capacity 6462K, committed 6528K, reserved 1048576K
}
Event: 27.138 GC heap after
{Heap after GC invocations=26 (full 4):
 PSYoungGen      total 30720K, used 10624K [0x00000000eab00000, 0x00000000ed500000, 0x0000000100000000)
  eden space 19456K, 0% used [0x00000000eab00000,0x00000000eab00000,0x00000000ebe00000)
  from space 11264K, 94% used [0x00000000eca00000,0x00000000ed460000,0x00000000ed500000)
  to   space 11776K, 0% used [0x00000000ebe00000,0x00000000ebe00000,0x00000000ec980000)
 ParOldGen       total 76800K, used 59934K [0x00000000c0000000, 0x00000000c4b00000, 0x00000000eab00000)
  object space 76800K, 78% used [0x00000000c0000000,0x00000000c3a87bb0,0x00000000c4b00000)
 Metaspace       used 53974K, capacity 56755K, committed 56920K, reserved 1099776K
  class space    used 5451K, capacity 6462K, committed 6528K, reserved 1048576K
}
Event: 27.643 GC heap before
{Heap before GC invocations=27 (full 4):
 PSYoungGen      total 30720K, used 30080K [0x00000000eab00000, 0x00000000ed500000, 0x0000000100000000)
  eden space 19456K, 100% used [0x00000000eab00000,0x00000000ebe00000,0x00000000ebe00000)
  from space 11264K, 94% used [0x00000000eca00000,0x00000000ed460000,0x00000000ed500000)
  to   space 11776K, 0% used [0x00000000ebe00000,0x00000000ebe00000,0x00000000ec980000)
 ParOldGen       total 76800K, used 59934K [0x00000000c0000000, 0x00000000c4b00000, 0x00000000eab00000)
  object space 76800K, 78% used [0x00000000c0000000,0x00000000c3a87bb0,0x00000000c4b00000)
 Metaspace       used 54011K, capacity 56759K, committed 56920K, reserved 1099776K
  class space    used 5452K, capacity 6463K, committed 6528K, reserved 1048576K
}
Event: 27.730 GC heap after
{Heap after GC invocations=27 (full 4):
 PSYoungGen      total 31232K, used 11776K [0x00000000eab00000, 0x00000000ef180000, 0x0000000100000000)
  eden space 19456K, 0% used [0x00000000eab00000,0x00000000eab00000,0x00000000ebe00000)
  from space 11776K, 100% used [0x00000000ebe00000,0x00000000ec980000,0x00000000ec980000)
  to   space 25088K, 0% used [0x00000000ed900000,0x00000000ed900000,0x00000000ef180000)
 ParOldGen       total 76800K, used 70766K [0x00000000c0000000, 0x00000000c4b00000, 0x00000000eab00000)
  object space 76800K, 92% used [0x00000000c0000000,0x00000000c451bbb0,0x00000000c4b00000)
 Metaspace       used 54011K, capacity 56759K, committed 56920K, reserved 1099776K
  class space    used 5452K, capacity 6463K, committed 6528K, reserved 1048576K
}
Event: 27.730 GC heap before
{Heap before GC invocations=28 (full 5):
 PSYoungGen      total 31232K, used 11776K [0x00000000eab00000, 0x00000000ef180000, 0x0000000100000000)
  eden space 19456K, 0% used [0x00000000eab00000,0x00000000eab00000,0x00000000ebe00000)
  from space 11776K, 100% used [0x00000000ebe00000,0x00000000ec980000,0x00000000ec980000)
  to   space 25088K, 0% used [0x00000000ed900000,0x00000000ed900000,0x00000000ef180000)
 ParOldGen       total 76800K, used 70766K [0x00000000c0000000, 0x00000000c4b00000, 0x00000000eab00000)
  object space 76800K, 92% used [0x00000000c0000000,0x00000000c451bbb0,0x00000000c4b00000)
 Metaspace       used 54011K, capacity 56759K, committed 56920K, reserved 1099776K
  class space    used 5452K, capacity 6463K, committed 6528K, reserved 1048576K
}
Event: 28.529 GC heap after
{Heap after GC invocations=28 (full 5):
 PSYoungGen      total 31232K, used 5613K [0x00000000eab00000, 0x00000000ef100000, 0x0000000100000000)
  eden space 19456K, 0% used [0x00000000eab00000,0x00000000eab00000,0x00000000ebe00000)
  from space 11776K, 47% used [0x00000000ebe00000,0x00000000ec37b6e0,0x00000000ec980000)
  to   space 25088K, 0% used [0x00000000ed880000,0x00000000ed880000,0x00000000ef100000)
 ParOldGen       total 156160K, used 76715K [0x00000000c0000000, 0x00000000c9880000, 0x00000000eab00000)
  object space 156160K, 49% used [0x00000000c0000000,0x00000000c4aead60,0x00000000c9880000)
 Metaspace       used 54011K, capacity 56759K, committed 56920K, reserved 1099776K
  class space    used 5452K, capacity 6463K, committed 6528K, reserved 1048576K
}
Event: 29.245 GC heap before
{Heap before GC invocations=29 (full 5):
 PSYoungGen      total 31232K, used 25069K [0x00000000eab00000, 0x00000000ef100000, 0x0000000100000000)
  eden space 19456K, 100% used [0x00000000eab00000,0x00000000ebe00000,0x00000000ebe00000)
  from space 11776K, 47% used [0x00000000ebe00000,0x00000000ec37b6e0,0x00000000ec980000)
  to   space 25088K, 0% used [0x00000000ed880000,0x00000000ed880000,0x00000000ef100000)
 ParOldGen       total 156160K, used 76715K [0x00000000c0000000, 0x00000000c9880000, 0x00000000eab00000)
  object space 156160K, 49% used [0x00000000c0000000,0x00000000c4aead60,0x00000000c9880000)
 Metaspace       used 54126K, capacity 56888K, committed 57176K, reserved 1099776K
  class space    used 5452K, capacity 6463K, committed 6528K, reserved 1048576K
}
Event: 29.285 GC heap after
{Heap after GC invocations=29 (full 5):
 PSYoungGen      total 27136K, used 5488K [0x00000000eab00000, 0x00000000ede00000, 0x0000000100000000)
  eden space 21504K, 0% used [0x00000000eab00000,0x00000000eab00000,0x00000000ec000000)
  from space 5632K, 97% used [0x00000000ed880000,0x00000000edddc010,0x00000000ede00000)
  to   space 11776K, 0% used [0x00000000ec700000,0x00000000ec700000,0x00000000ed280000)
 ParOldGen       total 156160K, used 82363K [0x00000000c0000000, 0x00000000c9880000, 0x00000000eab00000)
  object space 156160K, 52% used [0x00000000c0000000,0x00000000c506ed60,0x00000000c9880000)
 Metaspace       used 54126K, capacity 56888K, committed 57176K, reserved 1099776K
  class space    used 5452K, capacity 6463K, committed 6528K, reserved 1048576K
}
Event: 30.035 GC heap before
{Heap before GC invocations=30 (full 5):
 PSYoungGen      total 27136K, used 26992K [0x00000000eab00000, 0x00000000ede00000, 0x0000000100000000)
  eden space 21504K, 100% used [0x00000000eab00000,0x00000000ec000000,0x00000000ec000000)
  from space 5632K, 97% used [0x00000000ed880000,0x00000000edddc010,0x00000000ede00000)
  to   space 11776K, 0% used [0x00000000ec700000,0x00000000ec700000,0x00000000ed280000)
 ParOldGen       total 156160K, used 82363K [0x00000000c0000000, 0x00000000c9880000, 0x00000000eab00000)
  object space 156160K, 52% used [0x00000000c0000000,0x00000000c506ed60,0x00000000c9880000)
 Metaspace       used 54463K, capacity 57215K, committed 57432K, reserved 1099776K
  class space    used 5475K, capacity 6465K, committed 6528K, reserved 1048576K
}
Event: 30.109 GC heap after
{Heap after GC invocations=30 (full 5):
 PSYoungGen      total 30208K, used 6784K [0x00000000eab00000, 0x00000000ed900000, 0x0000000100000000)
  eden space 23040K, 0% used [0x00000000eab00000,0x00000000eab00000,0x00000000ec180000)
  from space 7168K, 94% used [0x00000000ec700000,0x00000000ecda0000,0x00000000ece00000)
  to   space 7680K, 0% used [0x00000000ed180000,0x00000000ed180000,0x00000000ed900000)
 ParOldGen       total 156160K, used 82371K [0x00000000c0000000, 0x00000000c9880000, 0x00000000eab00000)
  object space 156160K, 52% used [0x00000000c0000000,0x00000000c5070d60,0x00000000c9880000)
 Metaspace       used 54463K, capacity 57215K, committed 57432K, reserved 1099776K
  class space    used 5475K, capacity 6465K, committed 6528K, reserved 1048576K
}

