# JRE version: OpenJDK Runtime Environment AdoptOpenJDK-11.0.11+9 (11.0.11+9) (build 11.0.11+9)
# Java VM: OpenJDK 64-Bit Server VM AdoptOpenJDK-11.0.11+9 (11.0.11+9, mixed mode, tiered, compressed oops, g1 gc, windows-amd64)
Heap:
 garbage-first heap   total 71680K, used 21274K [0x00000000c8c00000, 0x0000000100000000)
  region size 1024K, 8 young (8192K), 4 survivors (4096K)
 Metaspace       used 49492K, capacity 50671K, committed 50736K, reserved 1093632K
  class space    used 6015K, capacity 6504K, committed 6528K, reserved 1048576K
GC Heap History (20 events):
Event: 1.695 GC heap before
{Heap before GC invocations=1 (full 0):
 garbage-first heap   total 57344K, used 16392K [0x00000000c8c00000, 0x0000000100000000)
  region size 1024K, 12 young (12288K), 2 survivors (2048K)
 Metaspace       used 13424K, capacity 13603K, committed 13696K, reserved 1060864K
  class space    used 1324K, capacity 1391K, committed 1408K, reserved 1048576K
}
Event: 1.701 GC heap after
{Heap after GC invocations=2 (full 0):
 garbage-first heap   total 57344K, used 6990K [0x00000000c8c00000, 0x0000000100000000)
  region size 1024K, 1 young (1024K), 1 survivors (1024K)
 Metaspace       used 13424K, capacity 13603K, committed 13696K, reserved 1060864K
  class space    used 1324K, capacity 1391K, committed 1408K, reserved 1048576K
}
Event: 2.280 GC heap before
{Heap before GC invocations=2 (full 0):
 garbage-first heap   total 57344K, used 26446K [0x00000000c8c00000, 0x0000000100000000)
  region size 1024K, 20 young (20480K), 1 survivors (1024K)
 Metaspace       used 18426K, capacity 18946K, committed 19200K, reserved 1067008K
  class space    used 1970K, capacity 2181K, committed 2304K, reserved 1048576K
}
Event: 2.326 GC heap after
{Heap after GC invocations=3 (full 0):
 garbage-first heap   total 57344K, used 8229K [0x00000000c8c00000, 0x0000000100000000)
  region size 1024K, 3 young (3072K), 3 survivors (3072K)
 Metaspace       used 18426K, capacity 18946K, committed 19200K, reserved 1067008K
  class space    used 1970K, capacity 2181K, committed 2304K, reserved 1048576K
}
Event: 2.489 GC heap before
{Heap before GC invocations=3 (full 0):
 garbage-first heap   total 57344K, used 16421K [0x00000000c8c00000, 0x0000000100000000)
  region size 1024K, 13 young (13312K), 3 survivors (3072K)
 Metaspace       used 20729K, capacity 21217K, committed 21296K, reserved 1069056K
  class space    used 2221K, capacity 2425K, committed 2432K, reserved 1048576K
}
Event: 2.494 GC heap after
{Heap after GC invocations=4 (full 0):
 garbage-first heap   total 57344K, used 8764K [0x00000000c8c00000, 0x0000000100000000)
  region size 1024K, 2 young (2048K), 2 survivors (2048K)
 Metaspace       used 20729K, capacity 21217K, committed 21296K, reserved 1069056K
  class space    used 2221K, capacity 2425K, committed 2432K, reserved 1048576K
}
Event: 3.032 GC heap before
{Heap before GC invocations=5 (full 0):
 garbage-first heap   total 57344K, used 30268K [0x00000000c8c00000, 0x0000000100000000)
  region size 1024K, 24 young (24576K), 2 survivors (2048K)
 Metaspace       used 23911K, capacity 24480K, committed 24624K, reserved 1071104K
  class space    used 2659K, capacity 2895K, committed 2944K, reserved 1048576K
}
Event: 3.039 GC heap after
{Heap after GC invocations=6 (full 0):
 garbage-first heap   total 71680K, used 9698K [0x00000000c8c00000, 0x0000000100000000)
  region size 1024K, 2 young (2048K), 2 survivors (2048K)
 Metaspace       used 23911K, capacity 24480K, committed 24624K, reserved 1071104K
  class space    used 2659K, capacity 2895K, committed 2944K, reserved 1048576K
}
Event: 3.064 GC heap before
{Heap before GC invocations=6 (full 0):
 garbage-first heap   total 71680K, used 37346K [0x00000000c8c00000, 0x0000000100000000)
  region size 1024K, 30 young (30720K), 2 survivors (2048K)
 Metaspace       used 23972K, capacity 24576K, committed 24624K, reserved 1071104K
  class space    used 2666K, capacity 2927K, committed 2944K, reserved 1048576K
}
Event: 3.067 GC heap after
{Heap after GC invocations=7 (full 0):
 garbage-first heap   total 71680K, used 9776K [0x00000000c8c00000, 0x0000000100000000)
  region size 1024K, 2 young (2048K), 2 survivors (2048K)
 Metaspace       used 23972K, capacity 24576K, committed 24624K, reserved 1071104K
  class space    used 2666K, capacity 2927K, committed 2944K, reserved 1048576K
}
Event: 5.401 GC heap before
{Heap before GC invocations=7 (full 0):
 garbage-first heap   total 71680K, used 49712K [0x00000000c8c00000, 0x0000000100000000)
  region size 1024K, 42 young (43008K), 2 survivors (2048K)
 Metaspace       used 27944K, capacity 28742K, committed 28976K, reserved 1075200K
  class space    used 3130K, capacity 3455K, committed 3456K, reserved 1048576K
}
Event: 5.408 GC heap after
{Heap after GC invocations=8 (full 0):
 garbage-first heap   total 71680K, used 11150K [0x00000000c8c00000, 0x0000000100000000)
  region size 1024K, 3 young (3072K), 3 survivors (3072K)
 Metaspace       used 27944K, capacity 28742K, committed 28976K, reserved 1075200K
  class space    used 3130K, capacity 3455K, committed 3456K, reserved 1048576K
}
Event: 8.490 GC heap before
{Heap before GC invocations=8 (full 0):
 garbage-first heap   total 71680K, used 49038K [0x00000000c8c00000, 0x0000000100000000)
  region size 1024K, 41 young (41984K), 3 survivors (3072K)
 Metaspace       used 34806K, capacity 35817K, committed 35888K, reserved 1081344K
  class space    used 4000K, capacity 4435K, committed 4480K, reserved 1048576K
}
Event: 8.506 GC heap after
{Heap after GC invocations=9 (full 0):
 garbage-first heap   total 71680K, used 14222K [0x00000000c8c00000, 0x0000000100000000)
  region size 1024K, 6 young (6144K), 6 survivors (6144K)
 Metaspace       used 34806K, capacity 35817K, committed 35888K, reserved 1081344K
  class space    used 4000K, capacity 4435K, committed 4480K, reserved 1048576K
}
Event: 8.581 GC heap before
{Heap before GC invocations=10 (full 0):
 garbage-first heap   total 71680K, used 50062K [0x00000000c8c00000, 0x0000000100000000)
  region size 1024K, 42 young (43008K), 6 survivors (6144K)
 Metaspace       used 34825K, capacity 35945K, committed 36144K, reserved 1081344K
  class space    used 4001K, capacity 4435K, committed 4480K, reserved 1048576K
}
Event: 8.595 GC heap after
{Heap after GC invocations=11 (full 0):
 garbage-first heap   total 71680K, used 15180K [0x00000000c8c00000, 0x0000000100000000)
  region size 1024K, 1 young (1024K), 1 survivors (1024K)
 Metaspace       used 34825K, capacity 35945K, committed 36144K, reserved 1081344K
  class space    used 4001K, capacity 4435K, committed 4480K, reserved 1048576K
}
Event: 10.576 GC heap before
{Heap before GC invocations=11 (full 0):
 garbage-first heap   total 71680K, used 53068K [0x00000000c8c00000, 0x0000000100000000)
  region size 1024K, 38 young (38912K), 1 survivors (1024K)
 Metaspace       used 42695K, capacity 43906K, committed 44080K, reserved 1087488K
  class space    used 4966K, capacity 5448K, committed 5504K, reserved 1048576K
}
Event: 10.582 GC heap after
{Heap after GC invocations=12 (full 0):
 garbage-first heap   total 71680K, used 16488K [0x00000000c8c00000, 0x0000000100000000)
  region size 1024K, 3 young (3072K), 3 survivors (3072K)
 Metaspace       used 42695K, capacity 43906K, committed 44080K, reserved 1087488K
  class space    used 4966K, capacity 5448K, committed 5504K, reserved 1048576K
}
Event: 12.672 GC heap before
{Heap before GC invocations=12 (full 0):
 garbage-first heap   total 71680K, used 53352K [0x00000000c8c00000, 0x0000000100000000)
  region size 1024K, 40 young (40960K), 3 survivors (3072K)
 Metaspace       used 48513K, capacity 49679K, committed 49840K, reserved 1093632K
  class space    used 5852K, capacity 6344K, committed 6400K, reserved 1048576K
}
Event: 12.680 GC heap after
{Heap after GC invocations=13 (full 0):
 garbage-first heap   total 71680K, used 18202K [0x00000000c8c00000, 0x0000000100000000)
  region size 1024K, 4 young (4096K), 4 survivors (4096K)
 Metaspace       used 48513K, capacity 49679K, committed 49840K, reserved 1093632K
  class space    used 5852K, capacity 6344K, committed 6400K, reserved 1048576K
}

